============================= test session starts =============================
platform win32 -- Python 3.14.3, pytest-9.0.2, pluggy-1.6.0
rootdir: C:\Users\Nishant Chakravarthy\Desktop\Projects\Neurovia\backend
configfile: pyproject.toml
plugins: anyio-4.13.0, asyncio-1.3.0
asyncio: mode=Mode.STRICT, debug=False, asyncio_default_fixture_loop_scope=None, asyncio_default_test_loop_scope=function
collected 34 items / 1 error

=================================== ERRORS ====================================
______________________ ERROR collecting test_output.txt _______________________
C:\Python314\Lib\pathlib\__init__.py:788: in read_text
    return f.read()
           ^^^^^^^^
<frozen codecs>:325: in decode
    ???
E   UnicodeDecodeError: 'utf-8' codec can't decode byte 0xff in position 0: invalid start byte
============================== warnings summary ===============================
..\..\..\..\AppData\Roaming\Python\Python314\site-packages\slowapi\extension.py:717: 11 warnings
  C:\Users\Nishant Chakravarthy\AppData\Roaming\Python\Python314\site-packages\slowapi\extension.py:717: DeprecationWarning: 'asyncio.iscoroutinefunction' is deprecated and slated for removal in Python 3.16; use inspect.iscoroutinefunction() instead
    if asyncio.iscoroutinefunction(func):

app\models\cognitive.py:30
  C:\Users\Nishant Chakravarthy\Desktop\Projects\Neurovia\backend\app\models\cognitive.py:30: PytestCollectionWarning: cannot collect test class 'TestSubmissionRequest' because it has a __init__ constructor (from: tests/test_cognitive_service.py)
    class TestSubmissionRequest(BaseModel):

app\models\cognitive.py:7
  C:\Users\Nishant Chakravarthy\Desktop\Projects\Neurovia\backend\app\models\cognitive.py:7: PytestCollectionWarning: cannot collect test class 'TestType' because it has a __new__ constructor (from: tests/test_cognitive_service.py)
    class TestType(str, Enum):

-- Docs: https://docs.pytest.org/en/stable/how-to/capture-warnings.html
=========================== short test summary info ===========================
ERROR test_output.txt - UnicodeDecodeError: 'utf-8' codec can't decode byte 0...
!!!!!!!!!!!!!!!!!!! Interrupted: 1 error during collection !!!!!!!!!!!!!!!!!!!!
======================== 13 warnings, 1 error in 5.51s ========================
