============================= test session starts =============================
platform win32 -- Python 3.14.3, pytest-9.0.2, pluggy-1.6.0 -- C:\Python314\python.exe
cachedir: .pytest_cache
rootdir: C:\Users\Nishant Chakravarthy\Desktop\Projects\Neurovia\backend
configfile: pyproject.toml
plugins: anyio-4.13.0, asyncio-1.3.0
asyncio: mode=Mode.STRICT, debug=False, asyncio_default_fixture_loop_scope=None, asyncio_default_test_loop_scope=function
collecting ... collected 34 items

tests/test_ai_service.py::test_ai_valid_response PASSED                  [  2%]
tests/test_ai_service.py::test_ai_invalid_response_fallback PASSED       [  5%]
tests/test_ai_service.py::test_ai_large_input_sanitization PASSED        [  8%]
tests/test_alert_service.py::test_single_alert_incident_high PASSED      [ 11%]
tests/test_alert_service.py::test_evaluate_event_multiple_alerts_sorted PASSED [ 14%]
tests/test_alert_service.py::test_evaluate_event_no_alerts PASSED        [ 17%]
tests/test_alert_service.py::test_priority_sorting_manually PASSED       [ 20%]
tests/test_caregiver_service.py::test_validate_assignment_unassigned PASSED [ 23%]
tests/test_caregiver_service.py::test_log_observation_success PASSED     [ 26%]
tests/test_caregiver_service.py::test_report_incident_success PASSED     [ 29%]
tests/test_caregiver_service.py::test_pagination_limit_cap PASSED        [ 32%]
tests/test_caregiver_service.py::test_get_patient_overview PASSED        [ 35%]
tests/test_caregiver_service.py::test_generate_guidance_cache_hit PASSED [ 38%]
tests/test_caregiver_service.py::test_generate_guidance_cache_miss PASSED [ 41%]
tests/test_cognitive_alerts.py::test_cognitive_decline_alert PASSED      [ 44%]
tests/test_cognitive_alerts.py::test_cognitive_stable_no_alert PASSED    [ 47%]
tests/test_cognitive_alerts.py::test_cognitive_not_enough_scores PASSED  [ 50%]
tests/test_cognitive_integration.py::test_generate_guidance_ai_sanitization PASSED [ 52%]
tests/test_cognitive_router.py::test_start_session_rbac PASSED           [ 55%]
tests/test_cognitive_router.py::test_start_session_invalid_role PASSED   [ 58%]
tests/test_cognitive_router.py::test_submit_empty_responses PASSED       [ 61%]
tests/test_cognitive_router.py::test_history_rbac_patient PASSED         [ 64%]
tests/test_cognitive_router.py::test_assignment_validation_caregiver PASSED [ 67%]
tests/test_cognitive_service.py::test_start_session PASSED               [ 70%]
tests/test_cognitive_service.py::test_submit_test_success PASSED         [ 73%]
tests/test_cognitive_service.py::test_submit_duplicate PASSED            [ 76%]
tests/test_cognitive_service.py::test_session_not_found PASSED           [ 79%]
tests/test_cognitive_service.py::test_memory_scoring PASSED              [ 82%]
tests/test_cognitive_service.py::test_fluency_scoring PASSED             [ 85%]
tests/test_cognitive_service.py::test_reaction_scoring PASSED            [ 88%]
tests/test_cognitive_service.py::test_sequence_scoring PASSED            [ 91%]
tests/test_cognitive_service.py::test_expired_session PASSED             [ 94%]
tests/test_cognitive_service.py::test_submit_duplicate_returns_409 PASSED [ 97%]
tests/test_cognitive_service.py::test_summary_cache_updated_on_submit PASSED [100%]

============================== warnings summary ===============================
..\..\..\..\AppData\Roaming\Python\Python314\site-packages\slowapi\extension.py:717
  C:\Users\Nishant Chakravarthy\AppData\Roaming\Python\Python314\site-packages\slowapi\extension.py:717: DeprecationWarning: 'asyncio.iscoroutinefunction' is deprecated and slated for removal in Python 3.16; use inspect.iscoroutinefunction() instead
    if asyncio.iscoroutinefunction(func):

app\models\cognitive.py:30
  C:\Users\Nishant Chakravarthy\Desktop\Projects\Neurovia\backend\app\models\cognitive.py:30: PytestCollectionWarning: cannot collect test class 'TestSubmissionRequest' because it has a __init__ constructor (from: tests/test_cognitive_service.py)
    class TestSubmissionRequest(BaseModel):

app\models\cognitive.py:7
  C:\Users\Nishant Chakravarthy\Desktop\Projects\Neurovia\backend\app\models\cognitive.py:7: PytestCollectionWarning: cannot collect test class 'TestType' because it has a __new__ constructor (from: tests/test_cognitive_service.py)
    class TestType(str, Enum):

-- Docs: https://docs.pytest.org/en/stable/how-to/capture-warnings.html
======================= 34 passed, 3 warnings in 1.12s ========================
