============================= test session starts =============================
platform win32 -- Python 3.12.10, pytest-9.0.2, pluggy-1.6.0 -- C:\Users\91974\AppData\Local\Programs\Python\Python312\python.exe
cachedir: .pytest_cache
rootdir: C:\Users\91974\Desktop\Projects\Neurovia\backend
plugins: anyio-4.12.1, asyncio-1.3.0
asyncio: mode=Mode.STRICT, debug=False, asyncio_default_fixture_loop_scope=None, asyncio_default_test_loop_scope=function
collecting ... collected 69 items

tests/test_dynamic_screening.py::TestPoolSizes::test_recall_word_pool_large PASSED [  1%]
tests/test_dynamic_screening.py::TestPoolSizes::test_recall_word_pool_unique PASSED [  2%]
tests/test_dynamic_screening.py::TestPoolSizes::test_visual_objects_large PASSED [  4%]
tests/test_dynamic_screening.py::TestPoolSizes::test_visual_object_ids_unique PASSED [  5%]
tests/test_dynamic_screening.py::TestPoolSizes::test_pattern_symbols_expanded PASSED [  7%]
tests/test_dynamic_screening.py::TestPoolSizes::test_pattern_types_expanded PASSED [  8%]
tests/test_dynamic_screening.py::TestRecallGeneration::test_generates_correct_count PASSED [ 10%]
tests/test_dynamic_screening.py::TestRecallGeneration::test_generates_variable_count PASSED [ 11%]
tests/test_dynamic_screening.py::TestRecallGeneration::test_no_duplicates_in_single_draw PASSED [ 13%]
tests/test_dynamic_screening.py::TestRecallGeneration::test_excludes_words PASSED [ 14%]
tests/test_dynamic_screening.py::TestRecallGeneration::test_high_uniqueness_across_draws PASSED [ 15%]
tests/test_dynamic_screening.py::TestRecallGeneration::test_words_from_pool PASSED [ 17%]
tests/test_dynamic_screening.py::TestRecallGeneration::test_exclusion_larger_than_available PASSED [ 18%]
tests/test_dynamic_screening.py::TestOrientationGeneration::test_generates_four_questions_by_default PASSED [ 20%]
tests/test_dynamic_screening.py::TestOrientationGeneration::test_always_includes_year_and_month PASSED [ 21%]
tests/test_dynamic_screening.py::TestOrientationGeneration::test_options_shuffled PASSED [ 23%]
tests/test_dynamic_screening.py::TestOrientationGeneration::test_question_variety PASSED [ 24%]
tests/test_dynamic_screening.py::TestOrientationGeneration::test_each_question_has_required_fields PASSED [ 26%]
tests/test_dynamic_screening.py::TestDigitSpanGeneration::test_default_length PASSED [ 27%]
tests/test_dynamic_screening.py::TestDigitSpanGeneration::test_variable_length PASSED [ 28%]
tests/test_dynamic_screening.py::TestDigitSpanGeneration::test_only_digits PASSED [ 30%]
tests/test_dynamic_screening.py::TestDigitSpanGeneration::test_no_zeros PASSED [ 31%]
tests/test_dynamic_screening.py::TestDigitSpanGeneration::test_excludes_sequences PASSED [ 33%]
tests/test_dynamic_screening.py::TestDigitSpanGeneration::test_uniqueness PASSED [ 34%]
tests/test_dynamic_screening.py::TestVisualRecognitionGeneration::test_default_counts PASSED [ 36%]
tests/test_dynamic_screening.py::TestVisualRecognitionGeneration::test_variable_counts PASSED [ 37%]
tests/test_dynamic_screening.py::TestVisualRecognitionGeneration::test_no_overlap_targets_distractors PASSED [ 39%]
tests/test_dynamic_screening.py::TestVisualRecognitionGeneration::test_mixed_set_contains_all PASSED [ 40%]
tests/test_dynamic_screening.py::TestVisualRecognitionGeneration::test_excludes_ids PASSED [ 42%]
tests/test_dynamic_screening.py::TestVisualRecognitionGeneration::test_each_object_has_emoji PASSED [ 43%]
tests/test_dynamic_screening.py::TestVisualPatternGeneration::test_all_pattern_types_generate PASSED [ 44%]
tests/test_dynamic_screening.py::TestVisualPatternGeneration::test_has_required_keys PASSED [ 46%]
tests/test_dynamic_screening.py::TestVisualPatternGeneration::test_four_options PASSED [ 47%]
tests/test_dynamic_screening.py::TestVisualPatternGeneration::test_correct_answer_in_options PASSED [ 49%]
tests/test_dynamic_screening.py::TestVisualPatternGeneration::test_excludes_type PASSED [ 50%]
tests/test_dynamic_screening.py::TestVisualPatternGeneration::test_excludes_multiple_types PASSED [ 52%]
tests/test_dynamic_screening.py::TestVisualPatternGeneration::test_variety_across_draws PASSED [ 53%]
tests/test_dynamic_screening.py::TestFluencyCategoryGeneration::test_generates_valid_category PASSED [ 55%]
tests/test_dynamic_screening.py::TestFluencyCategoryGeneration::test_has_time_limit PASSED [ 56%]
tests/test_dynamic_screening.py::TestFluencyCategoryGeneration::test_has_instruction PASSED [ 57%]
tests/test_dynamic_screening.py::TestFluencyCategoryGeneration::test_excludes_categories PASSED [ 59%]
tests/test_dynamic_screening.py::TestFluencyCategoryGeneration::test_rotation_across_draws PASSED [ 60%]
tests/test_dynamic_screening.py::TestStroopGeneration::test_correct_trial_count PASSED [ 62%]
tests/test_dynamic_screening.py::TestStroopGeneration::test_l2_default_7_trials PASSED [ 63%]
tests/test_dynamic_screening.py::TestStroopGeneration::test_incongruent_ratio PASSED [ 65%]
tests/test_dynamic_screening.py::TestStroopGeneration::test_trial_structure PASSED [ 66%]
tests/test_dynamic_screening.py::TestStroopGeneration::test_incongruent_word_ne_color PASSED [ 68%]
tests/test_dynamic_screening.py::TestStroopGeneration::test_shuffled PASSED [ 69%]
tests/test_dynamic_screening.py::TestDigitSpanScoring::test_perfect_score PASSED [ 71%]
tests/test_dynamic_screening.py::TestDigitSpanScoring::test_zero_score PASSED [ 72%]
tests/test_dynamic_screening.py::TestDigitSpanScoring::test_partial_forward PASSED [ 73%]
tests/test_dynamic_screening.py::TestDigitSpanScoring::test_variable_length PASSED [ 75%]
tests/test_dynamic_screening.py::TestVisualRecognitionScoring::test_perfect_score PASSED [ 76%]
tests/test_dynamic_screening.py::TestVisualRecognitionScoring::test_false_alarm_penalty PASSED [ 78%]
tests/test_dynamic_screening.py::TestPatternScoring::test_correct PASSED [ 79%]
tests/test_dynamic_screening.py::TestPatternScoring::test_incorrect PASSED [ 81%]
tests/test_dynamic_screening.py::TestPatternScoring::test_case_insensitive PASSED [ 82%]
tests/test_dynamic_screening.py::TestStroopScoring::test_perfect_score PASSED [ 84%]
tests/test_dynamic_screening.py::TestStroopScoring::test_zero_score PASSED [ 85%]
tests/test_dynamic_screening.py::TestStroopScoring::test_timed_out_not_counted PASSED [ 86%]
tests/test_dynamic_screening.py::TestLevel1Scoring::test_basic_level1 PASSED [ 88%]
tests/test_dynamic_screening.py::TestLevel2Scoring::test_basic_level2 PASSED [ 89%]
tests/test_dynamic_screening.py::TestAntiRepetitionPatterns::test_exclusion_produces_different_words PASSED [ 91%]
tests/test_dynamic_screening.py::TestAntiRepetitionPatterns::test_simulated_5_sessions_no_repeat PASSED [ 92%]
tests/test_dynamic_screening.py::TestAntiRepetitionPatterns::test_visual_object_exclusion_across_sessions PASSED [ 94%]
tests/test_dynamic_screening.py::TestAntiRepetitionPatterns::test_pattern_type_rotation PASSED [ 95%]
tests/test_dynamic_screening.py::TestAntiRepetitionPatterns::test_fluency_category_rotation PASSED [ 97%]
tests/test_dynamic_screening.py::TestContextBuilderSecurity::test_orientation_strips_correct PASSED [ 98%]
tests/test_dynamic_screening.py::TestContextBuilderSecurity::test_pattern_strips_correct PASSED [100%]

============================== warnings summary ===============================
tests/test_dynamic_screening.py::TestLevel1Scoring::test_basic_level1
  C:\Users\91974\Desktop\Projects\Neurovia\backend\tests\test_dynamic_screening.py:479: DeprecationWarning: There is no current event loop
    asyncio.get_event_loop().run_until_complete(_run())

-- Docs: https://docs.pytest.org/en/stable/how-to/capture-warnings.html
======================= 69 passed, 1 warning in 54.38s ========================
